TN:
SF:src/app/api/analyze/route.ts
FN:10,GET
FNF:1
FNH:1
FNDA:9,GET
DA:1,1
DA:2,1
DA:3,1
DA:4,1
DA:7,1
DA:8,1
DA:10,1
DA:11,9
DA:13,9
DA:14,2
DA:18,7
DA:26,7
DA:27,1
DA:33,6
DA:34,6
DA:36,6
DA:37,6
DA:38,6
DA:40,6
DA:46,6
LF:20
LH:20
BRDA:11,0,0,1
BRDA:11,0,1,8
BRDA:11,1,0,9
BRDA:11,1,1,8
BRDA:13,2,0,2
BRDA:13,2,1,7
BRDA:13,3,0,9
BRDA:13,3,1,8
BRDA:26,4,0,1
BRDA:26,4,1,6
BRDA:26,5,0,7
BRDA:26,5,1,1
BRDA:33,6,0,6
BRDA:33,6,1,0
BRDA:33,7,0,6
BRDA:33,7,1,6
BRDA:34,8,0,5
BRDA:34,8,1,1
BRDA:34,9,0,6
BRDA:34,9,1,5
BRF:20
BRH:19
end_of_record
TN:
SF:src/app/api/leaderboard/route.ts
FN:9,toLeaderboardItem
FN:38,GET
FNF:2
FNH:2
FNDA:32,toLeaderboardItem
FNDA:5,GET
DA:1,1
DA:2,1
DA:3,1
DA:6,1
DA:7,1
DA:10,32
DA:11,32
DA:15,32
DA:16,32
DA:17,32
DA:18,32
DA:19,32
DA:20,32
DA:21,32
DA:22,32
DA:23,32
DA:26,32
DA:38,1
DA:39,5
DA:41,5
DA:47,5
LF:21
LH:21
BRDA:10,0,0,32
BRDA:10,0,1,0
BRDA:10,1,0,32
BRDA:10,1,1,32
BRDA:16,2,0,32
BRDA:16,2,1,0
BRDA:18,3,0,27
BRDA:18,3,1,5
BRDA:19,4,0,6
BRDA:19,4,1,26
BRDA:20,5,0,0
BRDA:20,5,1,32
BRDA:21,6,0,12
BRDA:21,6,1,20
BRDA:21,7,0,32
BRDA:21,7,1,32
BRDA:22,8,0,6
BRDA:22,8,1,26
BRDA:22,9,0,32
BRDA:22,9,1,0
BRDA:22,10,0,32
BRDA:22,10,1,32
BRDA:28,11,0,32
BRDA:28,11,1,0
BRDA:28,12,0,32
BRDA:28,12,1,32
BRDA:30,13,0,32
BRDA:30,13,1,0
BRDA:30,14,0,32
BRDA:30,14,1,32
BRDA:31,15,0,32
BRDA:31,15,1,0
BRDA:31,16,0,32
BRDA:31,16,1,32
BRDA:32,17,0,32
BRDA:32,17,1,0
BRDA:32,18,0,32
BRDA:32,18,1,32
BRF:38
BRH:30
end_of_record
TN:
SF:src/lib/cache.ts
FN:11,cacheGet
FN:21,cacheSet
FN:25,cacheDelete
FN:29,cacheSize
FN:33,cacheClear
FNF:5
FNH:5
FNDA:50,cacheGet
FNDA:41,cacheSet
FNDA:1,cacheDelete
FNDA:2,cacheSize
FNDA:14,cacheClear
DA:9,2
DA:11,2
DA:12,50
DA:13,50
DA:14,10
DA:15,1
DA:16,1
DA:18,9
DA:21,2
DA:22,41
DA:25,2
DA:26,1
DA:29,2
DA:30,2
DA:33,2
DA:34,14
LF:16
LH:16
BRDA:13,0,0,40
BRDA:13,0,1,10
BRDA:14,1,0,1
BRDA:14,1,1,9
BRDA:21,2,0,9
BRF:5
BRH:5
end_of_record
TN:
SF:src/lib/fmp.ts
FN:16,apiKey
FN:22,fetchFMP
FN:23,(anonymous_9)
FN:56,getQuote
FN:61,getProfile
FN:66,getRatiosTTM
FN:71,getHistoricalPrices
FN:72,(anonymous_17)
FN:82,getGainers
FN:87,getActives
FNF:10
FNH:10
FNDA:38,apiKey
FNDA:38,fetchFMP
FNDA:38,(anonymous_9)
FNDA:7,getQuote
FNDA:7,getProfile
FNDA:7,getRatiosTTM
FNDA:7,getHistoricalPrices
FNDA:7,(anonymous_17)
FNDA:5,getGainers
FNDA:5,getActives
DA:11,1
DA:13,1
DA:14,1
DA:17,38
DA:18,38
DA:19,38
DA:23,38
DA:26,38
DA:27,38
DA:28,38
DA:30,38
DA:31,38
DA:32,38
DA:33,14
DA:36,38
DA:37,38
DA:41,38
DA:43,35
DA:46,35
DA:47,30
DA:49,30
DA:50,30
DA:52,0
DA:56,1
DA:57,7
DA:58,7
DA:61,1
DA:62,7
DA:63,7
DA:66,1
DA:67,7
DA:68,7
DA:71,1
DA:72,7
DA:75,7
DA:79,7
DA:82,1
DA:83,5
DA:84,5
DA:87,1
DA:88,5
DA:89,5
LF:42
LH:41
BRDA:18,0,0,0
BRDA:18,0,1,38
BRDA:24,1,0,31
BRDA:28,2,0,0
BRDA:28,2,1,38
BRDA:41,3,0,3
BRDA:41,3,1,35
BRDA:46,4,0,5
BRDA:46,4,1,30
BRDA:46,5,0,35
BRDA:46,5,1,29
BRDA:47,6,0,0
BRDA:47,6,1,30
BRDA:47,7,0,30
BRDA:47,7,1,30
BRDA:47,7,2,30
BRDA:58,8,0,6
BRDA:58,8,1,1
BRDA:58,9,0,7
BRDA:58,9,1,7
BRDA:58,10,0,1
BRDA:58,10,1,6
BRDA:58,11,0,7
BRDA:58,11,1,6
BRDA:63,12,0,5
BRDA:63,12,1,2
BRDA:63,13,0,7
BRDA:63,13,1,7
BRDA:63,14,0,2
BRDA:63,14,1,5
BRDA:63,15,0,7
BRDA:63,15,1,5
BRDA:68,16,0,5
BRDA:68,16,1,2
BRDA:68,17,0,7
BRDA:68,17,1,7
BRDA:68,18,0,2
BRDA:68,18,1,5
BRDA:68,19,0,7
BRDA:68,19,1,5
BRDA:73,20,0,0
BRDA:79,21,0,6
BRDA:79,21,1,1
BRDA:79,22,0,7
BRDA:79,22,1,7
BRDA:79,23,0,1
BRDA:79,23,1,6
BRDA:79,24,0,7
BRDA:79,24,1,6
BRDA:84,25,0,4
BRDA:84,25,1,1
BRDA:84,26,0,5
BRDA:84,26,1,4
BRDA:89,27,0,4
BRDA:89,27,1,1
BRDA:89,28,0,5
BRDA:89,28,1,4
BRF:57
BRH:53
end_of_record
TN:
SF:src/lib/scoring/config.ts
FNF:0
FNH:0
DA:5,4
DA:16,4
DA:24,4
DA:46,4
DA:68,4
DA:84,4
DA:95,4
DA:105,4
LF:8
LH:8
BRF:0
BRH:0
end_of_record
TN:
SF:src/lib/scoring/engine.ts
FN:24,clamp
FN:28,flag
FN:35,movingAverage
FN:38,(anonymous_3)
FN:43,detectRegime
FN:57,scoreLiquidity
FN:108,scoreVolatility
FN:170,scoreFloatSize
FN:227,scoreQuality
FN:302,scoreValuation
FN:370,scoreCompleteness
FN:390,(anonymous_11)
FN:394,(anonymous_12)
FN:413,runScoringEngine
FN:435,(anonymous_14)
FN:438,(anonymous_15)
FNF:16
FNH:15
FNDA:1113,clamp
FNDA:954,flag
FNDA:6,movingAverage
FNDA:0,(anonymous_3)
FNDA:199,detectRegime
FNDA:159,scoreLiquidity
FNDA:159,scoreVolatility
FNDA:159,scoreFloatSize
FNDA:159,scoreQuality
FNDA:159,scoreValuation
FNDA:159,scoreCompleteness
FNDA:1908,(anonymous_11)
FNDA:82,(anonymous_12)
FNDA:159,runScoringEngine
FNDA:954,(anonymous_14)
FNDA:954,(anonymous_15)
DA:11,4
DA:25,1113
DA:29,954
DA:30,212
DA:31,122
DA:32,23
DA:36,6
DA:37,0
DA:38,0
DA:43,4
DA:47,199
DA:48,195
DA:49,185
DA:50,152
DA:51,21
DA:52,8
DA:61,159
DA:62,159
DA:63,159
DA:65,159
DA:66,159
DA:68,159
DA:71,159
DA:72,24
DA:73,6
DA:74,6
DA:75,5
DA:78,159
DA:79,159
DA:80,151
DA:81,65
DA:83,159
DA:85,159
DA:91,159
DA:94,159
DA:95,156
DA:97,159
DA:113,159
DA:114,159
DA:115,159
DA:116,159
DA:117,159
DA:118,159
DA:120,159
DA:121,159
DA:124,159
DA:125,126
DA:126,46
DA:127,29
DA:130,159
DA:131,159
DA:132,156
DA:133,125
DA:134,37
DA:135,6
DA:140,159
DA:141,159
DA:142,156
DA:143,156
DA:144,89
DA:145,75
DA:146,55
DA:149,159
DA:151,159
DA:152,159
DA:153,159
DA:157,159
DA:159,159
DA:175,159
DA:176,159
DA:180,159
DA:181,3
DA:182,156
DA:183,27
DA:184,15
DA:185,8
DA:186,7
DA:187,5
DA:190,159
DA:191,159
DA:193,2
DA:196,159
DA:197,8
DA:200,159
DA:202,159
DA:206,159
DA:212,159
DA:216,159
DA:233,159
DA:234,159
DA:236,159
DA:237,159
DA:238,159
DA:241,159
DA:242,9
DA:243,9
DA:244,9
DA:245,150
DA:246,113
DA:247,113
DA:249,37
DA:250,37
DA:254,159
DA:255,111
DA:256,111
DA:257,111
DA:258,0
DA:259,0
DA:260,0
DA:262,0
DA:263,0
DA:265,48
DA:266,1
DA:267,1
DA:271,159
DA:272,8
DA:273,8
DA:274,3
DA:277,8
DA:278,2
DA:279,2
DA:284,159
DA:285,5
DA:286,0
DA:289,159
DA:291,159
DA:307,159
DA:308,159
DA:311,159
DA:312,159
DA:314,159
DA:315,159
DA:318,159
DA:319,156
DA:320,156
DA:321,114
DA:322,114
DA:323,42
DA:324,21
DA:325,21
DA:326,21
DA:328,21
DA:329,21
DA:334,159
DA:335,156
DA:336,156
DA:337,119
DA:338,119
DA:340,37
DA:341,37
DA:346,159
DA:347,19
DA:348,19
DA:349,140
DA:350,11
DA:351,11
DA:355,159
DA:357,159
DA:359,159
DA:374,159
DA:375,159
DA:376,159
DA:378,159
DA:379,1908
DA:380,1908
DA:381,1908
DA:382,82
DA:386,159
DA:387,159
DA:389,159
DA:391,1908
DA:392,1908
DA:394,82
DA:396,159
DA:400,159
DA:413,4
DA:420,159
DA:421,159
DA:423,159
DA:425,159
DA:434,159
DA:435,954
DA:438,954
DA:439,159
DA:441,159
LF:185
LH:177
BRDA:24,0,0,1113
BRDA:24,1,0,1113
BRDA:29,2,0,742
BRDA:29,2,1,212
BRDA:30,3,0,90
BRDA:30,3,1,122
BRDA:31,4,0,99
BRDA:31,4,1,23
BRDA:36,5,0,6
BRDA:36,5,1,0
BRDA:47,6,0,4
BRDA:47,6,1,195
BRDA:48,7,0,10
BRDA:48,7,1,185
BRDA:49,8,0,33
BRDA:49,8,1,152
BRDA:50,9,0,131
BRDA:50,9,1,21
BRDA:51,10,0,13
BRDA:51,10,1,8
BRDA:61,11,0,156
BRDA:61,11,1,3
BRDA:61,12,0,159
BRDA:61,12,1,159
BRDA:62,13,0,156
BRDA:62,13,1,3
BRDA:62,14,0,159
BRDA:62,14,1,159
BRDA:63,15,0,156
BRDA:63,15,1,3
BRDA:63,16,0,159
BRDA:63,16,1,159
BRDA:66,17,0,156
BRDA:66,17,1,3
BRDA:68,18,0,8
BRDA:68,18,1,151
BRDA:71,19,0,135
BRDA:71,19,1,24
BRDA:72,20,0,18
BRDA:72,20,1,6
BRDA:73,21,0,0
BRDA:73,21,1,6
BRDA:74,22,0,1
BRDA:74,22,1,5
BRDA:75,23,0,1
BRDA:75,23,1,4
BRDA:79,24,0,8
BRDA:79,24,1,151
BRDA:80,25,0,86
BRDA:80,25,1,65
BRDA:81,26,0,3
BRDA:81,26,1,62
BRDA:85,27,0,80
BRDA:85,27,1,79
BRDA:87,28,0,73
BRDA:87,28,1,6
BRDA:91,29,0,156
BRDA:91,29,1,3
BRDA:94,30,0,3
BRDA:94,30,1,156
BRDA:102,31,0,153
BRDA:102,31,1,6
BRDA:102,32,0,0
BRDA:102,32,1,6
BRDA:102,33,0,1
BRDA:102,33,1,5
BRDA:113,34,0,156
BRDA:113,34,1,3
BRDA:113,35,0,159
BRDA:113,35,1,159
BRDA:114,36,0,156
BRDA:114,36,1,3
BRDA:114,37,0,159
BRDA:114,37,1,159
BRDA:115,38,0,156
BRDA:115,38,1,3
BRDA:115,39,0,159
BRDA:115,39,1,159
BRDA:116,40,0,156
BRDA:116,40,1,3
BRDA:116,41,0,159
BRDA:116,41,1,159
BRDA:117,42,0,156
BRDA:117,42,1,3
BRDA:117,43,0,159
BRDA:117,43,1,159
BRDA:118,44,0,156
BRDA:118,44,1,3
BRDA:118,45,0,159
BRDA:118,45,1,159
BRDA:118,46,0,155
BRDA:118,46,1,4
BRDA:118,47,0,159
BRDA:118,47,1,159
BRDA:120,48,0,156
BRDA:120,48,1,3
BRDA:121,49,0,8
BRDA:121,49,1,151
BRDA:124,50,0,33
BRDA:124,50,1,126
BRDA:125,51,0,80
BRDA:125,51,1,46
BRDA:126,52,0,17
BRDA:126,52,1,29
BRDA:131,53,0,156
BRDA:131,53,1,3
BRDA:131,54,0,159
BRDA:131,54,1,156
BRDA:132,55,0,31
BRDA:132,55,1,125
BRDA:133,56,0,88
BRDA:133,56,1,37
BRDA:134,57,0,31
BRDA:134,57,1,6
BRDA:141,58,0,156
BRDA:141,58,1,3
BRDA:141,59,0,159
BRDA:141,59,1,156
BRDA:143,60,0,67
BRDA:143,60,1,89
BRDA:143,61,0,156
BRDA:143,61,1,119
BRDA:144,62,0,14
BRDA:144,62,1,75
BRDA:145,63,0,20
BRDA:145,63,1,55
BRDA:151,64,0,155
BRDA:151,64,1,4
BRDA:153,65,0,156
BRDA:153,65,1,3
BRDA:157,66,0,156
BRDA:157,66,1,3
BRDA:164,67,0,87
BRDA:164,67,1,72
BRDA:164,68,0,31
BRDA:164,68,1,41
BRDA:164,69,0,37
BRDA:164,69,1,4
BRDA:175,70,0,156
BRDA:175,70,1,3
BRDA:175,71,0,159
BRDA:175,71,1,159
BRDA:175,72,0,156
BRDA:175,72,1,3
BRDA:175,73,0,159
BRDA:175,73,1,159
BRDA:176,74,0,156
BRDA:176,74,1,3
BRDA:176,75,0,159
BRDA:176,75,1,159
BRDA:180,76,0,3
BRDA:180,76,1,156
BRDA:182,77,0,129
BRDA:182,77,1,27
BRDA:183,78,0,12
BRDA:183,78,1,15
BRDA:184,79,0,7
BRDA:184,79,1,8
BRDA:185,80,0,1
BRDA:185,80,1,7
BRDA:186,81,0,2
BRDA:186,81,1,5
BRDA:191,82,0,2
BRDA:191,82,1,157
BRDA:191,83,0,159
BRDA:191,83,1,156
BRDA:196,84,0,8
BRDA:196,84,1,151
BRDA:196,85,0,159
BRDA:196,85,1,8
BRDA:196,85,2,8
BRDA:202,86,0,3
BRDA:202,86,1,156
BRDA:203,87,0,147
BRDA:203,87,1,9
BRDA:206,88,0,156
BRDA:206,88,1,3
BRDA:207,89,0,121
BRDA:207,89,1,35
BRDA:212,90,0,2
BRDA:212,90,1,157
BRDA:212,91,0,159
BRDA:212,91,1,156
BRDA:221,92,0,141
BRDA:221,92,1,18
BRDA:221,93,0,7
BRDA:221,93,1,11
BRDA:221,94,0,3
BRDA:221,94,1,8
BRDA:236,95,0,150
BRDA:236,95,1,9
BRDA:236,96,0,159
BRDA:236,96,1,153
BRDA:237,97,0,117
BRDA:237,97,1,42
BRDA:237,98,0,159
BRDA:237,98,1,159
BRDA:237,99,0,117
BRDA:237,99,1,42
BRDA:237,100,0,159
BRDA:237,100,1,120
BRDA:237,101,0,42
BRDA:237,101,1,0
BRDA:237,102,0,42
BRDA:237,102,1,0
BRDA:238,103,0,156
BRDA:238,103,1,3
BRDA:238,104,0,159
BRDA:238,104,1,159
BRDA:241,105,0,9
BRDA:241,105,1,150
BRDA:242,106,0,6
BRDA:242,106,1,3
BRDA:245,107,0,113
BRDA:245,107,1,37
BRDA:254,108,0,111
BRDA:254,108,1,48
BRDA:254,109,0,159
BRDA:254,109,1,151
BRDA:254,109,2,112
BRDA:255,110,0,111
BRDA:255,110,1,0
BRDA:255,111,0,111
BRDA:255,111,1,111
BRDA:258,112,0,0
BRDA:258,112,1,0
BRDA:265,113,0,1
BRDA:265,113,1,47
BRDA:265,114,0,48
BRDA:265,114,1,6
BRDA:271,115,0,8
BRDA:271,115,1,151
BRDA:272,116,0,8
BRDA:272,116,1,6
BRDA:273,117,0,3
BRDA:273,117,1,5
BRDA:277,118,0,2
BRDA:277,118,1,6
BRDA:277,119,0,8
BRDA:277,119,1,2
BRDA:284,120,0,5
BRDA:284,120,1,154
BRDA:284,121,0,154
BRDA:284,121,1,5
BRDA:284,122,0,159
BRDA:284,122,1,5
BRDA:285,123,0,5
BRDA:285,123,1,0
BRDA:286,124,0,0
BRDA:286,124,1,0
BRDA:296,125,0,113
BRDA:296,125,1,46
BRDA:296,126,0,0
BRDA:296,126,1,46
BRDA:296,127,0,43
BRDA:296,127,1,3
BRDA:297,128,0,159
BRDA:297,128,1,0
BRDA:307,129,0,156
BRDA:307,129,1,3
BRDA:307,130,0,159
BRDA:307,130,1,159
BRDA:308,131,0,156
BRDA:308,131,1,3
BRDA:308,132,0,159
BRDA:308,132,1,159
BRDA:311,133,0,156
BRDA:311,133,1,3
BRDA:311,134,0,159
BRDA:311,134,1,159
BRDA:312,135,0,156
BRDA:312,135,1,3
BRDA:312,136,0,159
BRDA:312,136,1,159
BRDA:318,137,0,156
BRDA:318,137,1,3
BRDA:318,138,0,159
BRDA:318,138,1,156
BRDA:320,139,0,114
BRDA:320,139,1,42
BRDA:323,140,0,21
BRDA:323,140,1,21
BRDA:334,141,0,156
BRDA:334,141,1,3
BRDA:334,142,0,159
BRDA:334,142,1,156
BRDA:336,143,0,119
BRDA:336,143,1,37
BRDA:346,144,0,19
BRDA:346,144,1,140
BRDA:349,145,0,11
BRDA:349,145,1,129
BRDA:355,146,0,0
BRDA:355,146,1,159
BRDA:355,147,0,159
BRDA:355,147,1,8
BRDA:364,148,0,92
BRDA:364,148,1,67
BRDA:364,149,0,52
BRDA:364,149,1,15
BRDA:364,150,0,15
BRDA:364,150,1,0
BRDA:365,151,0,159
BRDA:365,151,1,3
BRDA:381,152,0,82
BRDA:381,152,1,1826
BRDA:381,153,0,1908
BRDA:381,153,1,1863
BRDA:381,153,2,1826
BRDA:386,154,0,159
BRDA:386,154,1,0
BRDA:392,155,0,1908
BRDA:392,155,1,1863
BRDA:392,155,2,1826
BRDA:396,156,0,153
BRDA:396,156,1,6
BRDA:398,157,0,3
BRDA:398,157,1,3
BRDA:405,158,0,156
BRDA:405,158,1,3
BRDA:405,159,0,0
BRDA:405,159,1,3
BRDA:405,160,0,0
BRDA:405,160,1,3
BRDA:420,161,0,156
BRDA:420,161,1,3
BRDA:420,162,0,159
BRDA:420,162,1,159
BRDA:420,163,0,156
BRDA:420,163,1,3
BRDA:420,164,0,159
BRDA:420,164,1,159
BRDA:421,165,0,156
BRDA:421,165,1,3
BRDA:421,166,0,159
BRDA:421,166,1,159
BRDA:421,167,0,156
BRDA:421,167,1,3
BRDA:421,168,0,159
BRDA:421,168,1,159
BRDA:439,169,0,159
BRDA:439,169,1,0
BRDA:439,170,0,159
BRDA:439,170,1,159
BRDA:439,171,0,0
BRDA:439,171,1,159
BRDA:439,172,0,159
BRDA:439,172,1,159
BRF:348
BRH:328
end_of_record
TN:
SF:src/lib/scoring/verdict.ts
FN:13,fmt
FN:17,fmtPrice
FN:23,getVerdictBand
FN:39,getTopDrivers
FN:42,(anonymous_4)
FN:63,getWatchConditions
FN:188,computeMA
FN:191,(anonymous_7)
FN:196,buildVerdict
FNF:9
FNH:8
FNDA:83,fmt
FNDA:132,fmtPrice
FNDA:129,getVerdictBand
FNDA:129,getTopDrivers
FNDA:1275,(anonymous_4)
FNDA:129,getWatchConditions
FNDA:2,computeMA
FNDA:0,(anonymous_7)
FNDA:129,buildVerdict
DA:14,83
DA:18,132
DA:24,129
DA:25,4
DA:26,4
DA:27,2
DA:28,1
DA:30,125
DA:31,38
DA:32,7
DA:33,1
DA:34,0
DA:41,129
DA:42,1275
DA:45,129
DA:47,129
DA:48,387
DA:49,88
DA:50,299
DA:51,220
DA:53,79
DA:55,387
DA:58,129
DA:70,129
DA:71,129
DA:72,129
DA:73,129
DA:74,129
DA:75,129
DA:76,129
DA:77,129
DA:78,129
DA:79,129
DA:80,129
DA:81,129
DA:84,129
DA:85,129
DA:86,41
DA:92,129
DA:93,1
DA:94,1
DA:100,129
DA:101,128
DA:102,128
DA:103,20
DA:106,108
DA:107,16
DA:114,129
DA:115,128
DA:116,128
DA:117,21
DA:124,129
DA:125,128
DA:126,128
DA:127,18
DA:132,129
DA:133,128
DA:134,128
DA:135,21
DA:142,129
DA:143,128
DA:144,128
DA:145,0
DA:152,129
DA:153,4
DA:154,4
DA:158,4
DA:159,0
DA:163,4
DA:164,4
DA:165,4
DA:172,129
DA:173,3
DA:179,129
DA:180,58
DA:185,129
DA:189,2
DA:190,0
DA:191,0
DA:196,3
DA:202,129
DA:204,129
LF:82
LH:77
BRDA:13,0,0,0
BRDA:18,1,0,0
BRDA:18,1,1,132
BRDA:24,2,0,4
BRDA:24,2,1,125
BRDA:25,3,0,0
BRDA:25,3,1,4
BRDA:26,4,0,2
BRDA:26,4,1,2
BRDA:27,5,0,1
BRDA:27,5,1,1
BRDA:30,6,0,87
BRDA:30,6,1,38
BRDA:31,7,0,31
BRDA:31,7,1,7
BRDA:32,8,0,6
BRDA:32,8,1,1
BRDA:33,9,0,1
BRDA:33,9,1,0
BRDA:48,10,0,88
BRDA:48,10,1,299
BRDA:48,11,0,387
BRDA:48,11,1,378
BRDA:50,12,0,220
BRDA:50,12,1,79
BRDA:55,13,0,129
BRDA:55,13,1,258
BRDA:71,14,0,128
BRDA:71,14,1,1
BRDA:71,15,0,129
BRDA:71,15,1,129
BRDA:72,16,0,128
BRDA:72,16,1,1
BRDA:72,17,0,129
BRDA:72,17,1,129
BRDA:73,18,0,128
BRDA:73,18,1,1
BRDA:73,19,0,129
BRDA:73,19,1,129
BRDA:76,20,0,128
BRDA:76,20,1,1
BRDA:76,21,0,129
BRDA:76,21,1,129
BRDA:77,22,0,128
BRDA:77,22,1,1
BRDA:77,23,0,129
BRDA:77,23,1,129
BRDA:79,24,0,128
BRDA:79,24,1,1
BRDA:79,25,0,129
BRDA:79,25,1,129
BRDA:84,26,0,128
BRDA:84,26,1,1
BRDA:84,27,0,128
BRDA:84,27,1,0
BRDA:84,28,0,128
BRDA:84,28,1,128
BRDA:84,29,0,128
BRDA:84,29,1,0
BRDA:84,30,0,128
BRDA:84,30,1,128
BRDA:85,31,0,41
BRDA:85,31,1,88
BRDA:87,32,0,4
BRDA:87,32,1,37
BRDA:92,33,0,1
BRDA:92,33,1,128
BRDA:92,34,0,129
BRDA:92,34,1,129
BRDA:92,34,2,128
BRDA:100,35,0,128
BRDA:100,35,1,1
BRDA:100,36,0,129
BRDA:100,36,1,128
BRDA:102,37,0,20
BRDA:102,37,1,108
BRDA:106,38,0,16
BRDA:106,38,1,92
BRDA:114,39,0,128
BRDA:114,39,1,1
BRDA:114,40,0,129
BRDA:114,40,1,128
BRDA:116,41,0,21
BRDA:116,41,1,107
BRDA:124,42,0,128
BRDA:124,42,1,1
BRDA:124,43,0,129
BRDA:124,43,1,128
BRDA:126,44,0,18
BRDA:126,44,1,110
BRDA:132,45,0,128
BRDA:132,45,1,1
BRDA:132,46,0,129
BRDA:132,46,1,128
BRDA:134,47,0,21
BRDA:134,47,1,107
BRDA:142,48,0,128
BRDA:142,48,1,1
BRDA:144,49,0,0
BRDA:144,49,1,128
BRDA:152,50,0,4
BRDA:152,50,1,125
BRDA:153,51,0,4
BRDA:153,51,1,0
BRDA:158,52,0,0
BRDA:158,52,1,4
BRDA:163,53,0,4
BRDA:163,53,1,0
BRDA:163,54,0,4
BRDA:163,54,1,4
BRDA:172,55,0,3
BRDA:172,55,1,126
BRDA:172,56,0,129
BRDA:172,56,1,129
BRDA:172,56,2,127
BRDA:179,57,0,58
BRDA:179,57,1,71
BRDA:179,58,0,129
BRDA:179,58,1,88
BRDA:189,59,0,2
BRDA:189,59,1,0
BRF:121
BRH:110
end_of_record
